2023-06-05 16:21:59[ INFO ]>>queryUserList用户列表查询测试成功
2023-06-05 16:22:11[ INFO ]>>insert用户插入测试成功
2023-06-05 16:24:01[ INFO ]>>insert用户插入测试成功
2023-06-05 23:54:41[ INFO ]>>insert用户插入测试成功
2023-06-05 23:55:31[ INFO ]>>queryUserList用户列表查询测试成功
2023-06-05 23:56:21[ INFO ]>>insert用户插入测试成功
2023-06-05 23:58:04[ INFO ]>>insert用户插入测试成功
2023-06-05 23:58:54[ INFO ]>>queryUserList用户列表查询测试成功
2023-06-06 00:00:23[ INFO ]>>insert用户插入测试成功
2023-06-06 00:01:14[ INFO ]>>queryUserList用户列表查询测试成功
2023-06-06 00:01:50[ INFO ]>>insert用户插入测试成功
2023-06-06 00:02:27[ INFO ]>>insert用户插入测试成功
2023-06-06 00:02:27[ INFO ]>>queryUserList用户列表查询测试成功
2023-06-06 00:03:54[ INFO ]>>delete用户删除测试成功
2023-06-06 00:04:18[ INFO ]>>insert用户插入测试成功
2023-06-06 00:05:08[ INFO ]>>queryUserList用户列表查询测试成功
2023-06-06 00:08:10[ INFO ]>>insert用户插入测试成功
2023-06-06 00:09:00[ INFO ]>>queryUserList用户列表查询测试成功
2023-06-06 00:19:17[ INFO ]>>insert用户插入测试成功
2023-06-06 09:28:06[ INFO ]>>insert用户插入测试成功
2023-06-06 09:31:21[ INFO ]>>insert用户插入测试成功
2023-06-06 09:32:12[ INFO ]>>queryUserList用户列表查询测试成功
2023-06-06 09:35:04[ INFO ]>>queryUserList用户列表查询测试成功
2023-06-06 09:40:54[ INFO ]>>delete用户删除测试成功
2023-06-06 09:41:47[ INFO ]>>insert用户插入测试成功
2023-06-06 09:41:47[ INFO ]>>delete用户删除测试成功
2023-06-06 09:41:47[ INFO ]>>queryUserList用户列表查询测试成功
2023-06-06 09:42:12[ INFO ]>>insert用户插入测试成功
2023-06-06 09:42:12[ INFO ]>>delete用户删除测试成功
2023-06-06 09:42:12[ INFO ]>>queryUserList用户列表查询测试成功
2023-06-06 09:42:36[ INFO ]>>insert用户插入测试成功
2023-06-06 09:42:36[ INFO ]>>delete用户删除测试成功
2023-06-06 09:42:36[ INFO ]>>queryUserList用户列表查询测试成功
2023-06-06 09:47:50[ INFO ]>>insert用户插入测试成功
2023-06-06 09:47:50[ INFO ]>>delete用户删除测试成功
2023-06-06 09:47:50[ INFO ]>>queryUserList用户列表查询测试成功
2023-06-06 09:47:56[ INFO ]>>insert用户插入测试成功
2023-06-06 09:47:56[ INFO ]>>delete用户删除测试成功
2023-06-06 09:47:56[ INFO ]>>queryUserList用户列表查询测试成功
2023-06-06 09:48:13[ INFO ]>>insert用户插入测试成功
2023-06-06 09:48:13[ INFO ]>>delete用户删除测试成功
2023-06-06 09:48:13[ INFO ]>>queryUserList用户列表查询测试成功
2023-06-06 09:48:18[ INFO ]>>insert用户插入测试成功
2023-06-06 09:48:18[ INFO ]>>delete用户删除测试成功
2023-06-06 09:48:18[ INFO ]>>queryUserList用户列表查询测试成功
2023-06-06 09:51:31[ INFO ]>>insert用户插入测试成功
2023-06-06 09:51:31[ INFO ]>>delete用户删除测试成功
2023-06-06 09:51:31[ INFO ]>>queryUserList用户列表查询测试成功
2023-06-06 09:51:37[ INFO ]>>insert用户插入测试成功
2023-06-06 09:51:37[ INFO ]>>delete用户删除测试成功
2023-06-06 09:51:37[ INFO ]>>queryUserList用户列表查询测试成功
2023-06-06 12:20:45[ INFO ]>>insert用户插入测试成功
2023-06-06 12:20:45[ INFO ]>>delete用户删除测试成功
2023-06-06 12:20:45[ INFO ]>>queryUserList用户列表查询测试成功
2023-06-06 12:20:52[ INFO ]>>insert用户插入测试成功
2023-06-06 12:20:52[ INFO ]>>delete用户删除测试成功
2023-06-06 12:20:52[ INFO ]>>queryUserList用户列表查询测试成功
2023-06-06 17:55:12[ INFO ]>>insert用户插入测试成功
2023-06-06 17:55:12[ INFO ]>>delete用户删除测试成功
2023-06-06 17:55:12[ INFO ]>>queryUserList用户列表查询测试成功
2023-06-06 17:56:00[ INFO ]>>insert用户插入测试成功
2023-06-06 17:56:01[ INFO ]>>delete用户删除测试成功
2023-06-06 17:56:01[ INFO ]>>queryUserList用户列表查询测试成功
2023-06-06 17:56:06[ INFO ]>>insert用户插入测试成功
2023-06-06 17:56:06[ INFO ]>>delete用户删除测试成功
2023-06-06 17:56:06[ INFO ]>>queryUserList用户列表查询测试成功
2023-06-06 19:23:51[ INFO ]>>delete用户删除测试成功
2023-06-16 15:44:14[ INFO ]========结果========
2023-06-16 15:44:14[ INFO ][UserEntity{id='1', username='admin', password='123', startTime=null, stopTime=null, status='1', createdBy='null', creationDate=null, lastUpdateBy='null', lastUpdateDate=null}]
2023-06-16 15:50:10[ INFO ]========结果========
2023-06-16 15:50:10[ INFO ][UserEntity{id='1', username='admin', password='123', startTime=null, stopTime=null, status='1', createdBy='null', creationDate=null, lastUpdateBy='null', lastUpdateDate=null}]
2023-06-16 15:51:27[ INFO ]========结果========
2023-06-16 15:51:27[ INFO ][UserEntity{id='1', username='admin', password='123', startTime=null, stopTime=null, status='1', createdBy='null', creationDate=null, lastUpdateBy='null', lastUpdateDate=null}]
2023-06-16 16:14:59[ INFO ]========结果========
2023-06-16 16:16:26[ INFO ]========结果========
2023-06-16 16:17:47[ INFO ]========结果========
2023-06-16 16:18:56[ INFO ]========结果========
2023-06-16 16:18:56[ INFO ][]
2023-06-16 16:19:07[ INFO ]========结果========
2023-06-16 16:19:07[ INFO ][]
2023-06-16 16:20:53[ INFO ]========结果========
2023-06-16 16:20:53[ INFO ][UserEntity{id='1', username='admin', password='123', startTime=null, stopTime=null, status='1', createdBy='null', creationDate=null, lastUpdateBy='null', lastUpdateDate=null}]
2023-06-16 16:26:31[ INFO ]========结果========
2023-06-16 16:26:31[ INFO ][UserEntity{id='1', username='admin', password='123', startTime=null, stopTime=null, status='1', createdBy='null', creationDate=null, lastUpdateBy='null', lastUpdateDate=null}]
2023-06-16 16:28:28[ INFO ]========结果========
2023-06-16 16:28:28[ INFO ][UserEntity{id='1', username='admin', password='123', startTime=null, stopTime=null, status='1', createdBy='null', creationDate=null, lastUpdateBy='null', lastUpdateDate=null}]
2023-06-16 16:28:40[ INFO ]========结果========
2023-06-16 16:28:40[ INFO ][UserEntity{id='1', username='admin', password='123', startTime=null, stopTime=null, status='1', createdBy='null', creationDate=null, lastUpdateBy='null', lastUpdateDate=null}]
2023-06-16 16:32:51[ INFO ]========结果========
2023-06-16 16:32:51[ INFO ][UserEntity{id='1', username='admin', password='123', startTime=null, stopTime=null, status='1', createdBy='null', creationDate=null, lastUpdateBy='null', lastUpdateDate=null}]
2023-06-16 16:34:47[ INFO ]========结果========
2023-06-16 16:34:47[ INFO ][UserEntity{id='1', username='admin', password='123', startTime=null, stopTime=null, status='1', createdBy='null', creationDate=null, lastUpdateBy='null', lastUpdateDate=null}]
2023-06-16 16:35:18[ INFO ]========结果========
2023-06-16 16:35:18[ INFO ][UserEntity{id='1', username='admin', password='123', startTime=null, stopTime=null, status='1', createdBy='null', creationDate=null, lastUpdateBy='null', lastUpdateDate=null}]
2023-06-16 16:40:42[ INFO ]========结果========
2023-06-16 16:40:42[ INFO ][UserEntity{id='1', username='admin', password='123', startTime=null, stopTime=null, status='1', createdBy='null', creationDate=null, lastUpdateBy='null', lastUpdateDate=null}]
2023-06-16 16:46:37[ INFO ]========结果========
2023-06-16 16:46:37[ INFO ][UserEntity{id='1', username='admin', password='123', startTime=null, stopTime=null, status='1', createdBy='null', creationDate=null, lastUpdateBy='null', lastUpdateDate=null}]
2023-06-16 16:47:10[ INFO ]========结果========
2023-06-16 16:47:10[ INFO ][UserEntity{id='1', username='admin', password='123', startTime=null, stopTime=null, status='1', createdBy='null', creationDate=null, lastUpdateBy='null', lastUpdateDate=null}]
2023-06-16 16:58:45[ INFO ]========结果========
2023-06-16 16:58:45[ INFO ][UserEntity{id='1', username='admin', password='123', startTime=null, stopTime=null, status='1', createdBy='null', creationDate=null, lastUpdateBy='null', lastUpdateDate=null}]
2023-06-16 16:59:22[ INFO ]========结果========
2023-06-16 16:59:22[ INFO ][UserEntity{id='1', username='admin', password='123', startTime=null, stopTime=null, status='1', createdBy='null', creationDate=null, lastUpdateBy='null', lastUpdateDate=null}]
2023-06-16 17:02:36[ INFO ]========结果========
2023-06-16 17:02:36[ INFO ][UserEntity{id='1', username='admin', password='123', startTime=null, stopTime=null, status='1', createdBy='null', creationDate=null, lastUpdateBy='null', lastUpdateDate=null}]
2023-06-16 17:02:45[ INFO ]========结果========
2023-06-16 17:02:45[ INFO ][UserEntity{id='1', username='admin', password='123', startTime=null, stopTime=null, status='1', createdBy='null', creationDate=null, lastUpdateBy='null', lastUpdateDate=null}]
2023-06-16 17:06:04[ INFO ]========结果========
2023-06-16 17:06:04[ INFO ][UserEntity{id='1', username='admin', password='123', startTime=null, stopTime=null, status='1', createdBy='null', creationDate=null, lastUpdateBy='null', lastUpdateDate=null}]
2023-06-16 17:07:44[ INFO ]========结果========
2023-06-16 17:07:44[ INFO ][UserEntity{id='1', username='admin', password='123', startTime=null, stopTime=null, status='1', createdBy='null', creationDate=null, lastUpdateBy='null', lastUpdateDate=null}]
2023-06-16 17:07:44[ INFO ]========结果========
2023-06-16 17:08:59[ INFO ]========结果========
2023-06-16 17:08:59[ INFO ]========结果========
2023-06-16 17:09:56[ INFO ]========结果========
2023-06-16 17:09:56[ INFO ][]
2023-06-16 17:09:56[ INFO ]========结果========
2023-06-16 17:10:28[ INFO ]========结果========
2023-06-16 17:10:28[ INFO ][UserEntity{id='1', username='admin', password='123', startTime=null, stopTime=null, status='1', createdBy='null', creationDate=null, lastUpdateBy='null', lastUpdateDate=null}]
2023-06-16 17:10:28[ INFO ]========结果========
2023-06-16 17:10:36[ INFO ]========结果========
2023-06-16 17:10:36[ INFO ][UserEntity{id='1', username='admin', password='123', startTime=null, stopTime=null, status='1', createdBy='null', creationDate=null, lastUpdateBy='null', lastUpdateDate=null}]
2023-06-16 17:10:36[ INFO ]========结果========
2023-06-16 17:12:56[ INFO ]========结果========
2023-06-16 17:12:56[ INFO ]========结果========
2023-06-16 17:12:56[ INFO ][UserEntity{id='1', username='admin', password='123', startTime=null, stopTime=null, status='1', createdBy='null', creationDate=null, lastUpdateBy='null', lastUpdateDate=null}]
2023-06-16 17:12:56[ INFO ]========结果========
2023-06-16 17:44:47[ INFO ]========结果========
2023-06-16 17:44:47[ INFO ]========结果========
2023-06-16 17:44:47[ INFO ][UserEntity{id='1', username='admin', password='123', startTime=null, stopTime=null, status='1', createdBy='null', creationDate=null, lastUpdateBy='null', lastUpdateDate=null}]
2023-06-16 17:44:47[ INFO ]========结果========
2023-06-16 17:45:07[ INFO ]========结果========
2023-06-16 17:45:07[ INFO ]========结果========
2023-06-16 17:45:07[ INFO ][UserEntity{id='1', username='admin', password='123', startTime=null, stopTime=null, status='1', createdBy='null', creationDate=null, lastUpdateBy='null', lastUpdateDate=null}]
2023-06-16 17:45:07[ INFO ]========结果========
2023-06-16 17:45:36[ INFO ]========结果========
2023-06-16 17:45:36[ INFO ]========结果========
2023-06-16 17:45:36[ INFO ][UserEntity{id='1', username='admin', password='123', startTime=null, stopTime=null, status='1', createdBy='null', creationDate=null, lastUpdateBy='null', lastUpdateDate=null}]
2023-06-16 17:45:36[ INFO ]========结果========
2023-06-16 17:46:00[ INFO ]========结果========
2023-06-16 17:46:00[ INFO ]========结果========
2023-06-16 17:46:00[ INFO ][UserEntity{id='1', username='admin', password='123', startTime=null, stopTime=null, status='1', createdBy='null', creationDate=null, lastUpdateBy='null', lastUpdateDate=null}]
2023-06-16 17:46:00[ INFO ]========结果========
2023-06-16 19:50:15[ INFO ]========结果========
2023-06-16 19:50:15[ INFO ]0
2023-06-16 19:50:42[ INFO ]========结果========
2023-06-16 19:50:42[ INFO ]1
2023-06-16 19:56:32[ INFO ]========结果========
2023-06-16 19:56:32[ INFO ]0
2023-06-16 20:04:27[ INFO ]========结果========
2023-06-16 20:04:27[ INFO ]3
2023-06-16 20:04:58[ INFO ]========结果========
2023-06-16 20:04:58[ INFO ]0
2023-06-16 20:06:56[ INFO ]========结果========
2023-06-16 20:06:56[ INFO ]3
2023-06-16 20:07:02[ INFO ]========结果========
2023-06-16 20:07:02[ INFO ]3
2023-06-16 20:07:50[ INFO ]========结果========
2023-06-16 20:07:50[ INFO ]3
2023-06-16 20:08:26[ INFO ]========结果========
2023-06-16 20:08:26[ INFO ]0
2023-06-16 20:08:26[ INFO ]========结果========
2023-06-16 20:08:26[ INFO ]========结果========
2023-06-16 20:08:26[ INFO ]0
2023-06-16 20:08:26[ INFO ]========结果========
2023-06-16 20:08:26[ INFO ][]
2023-06-16 20:08:26[ INFO ]========结果========
2023-06-16 20:08:26[ INFO ][]
2023-06-16 20:08:26[ INFO ]========结果========
2023-06-16 20:08:26[ INFO ]========结果========
2023-06-16 20:08:26[ INFO ]3
2023-06-16 20:08:26[ INFO ]========结果========
2023-06-16 20:08:26[ INFO ]3
2023-06-16 20:08:26[ INFO ]========结果========
2023-06-16 20:08:26[ INFO ]3
2023-06-16 20:08:26[ INFO ]========结果========
2023-06-16 20:08:26[ INFO ]3
2023-06-16 20:08:26[ INFO ]========结果========
2023-06-16 20:08:26[ INFO ]0
2023-06-16 20:08:26[ INFO ]========结果========
2023-06-16 20:08:26[ INFO ]3
2023-06-16 20:08:26[ INFO ]========结果========
2023-06-16 20:08:26[ INFO ]0
2023-06-16 20:09:11[ INFO ]========结果========
2023-06-16 20:09:11[ INFO ][]
2023-06-16 20:09:35[ INFO ]========结果========
2023-06-16 20:09:35[ INFO ]0
2023-06-16 20:09:35[ INFO ]========结果========
2023-06-16 20:09:35[ INFO ]========结果========
2023-06-16 20:09:35[ INFO ]0
2023-06-16 20:09:35[ INFO ]========结果========
2023-06-16 20:09:35[ INFO ][]
2023-06-16 20:09:35[ INFO ]========结果========
2023-06-16 20:09:35[ INFO ][]
2023-06-16 20:09:35[ INFO ]========结果========
2023-06-16 20:09:35[ INFO ]========结果========
2023-06-16 20:09:35[ INFO ]3
2023-06-16 20:09:35[ INFO ]========结果========
2023-06-16 20:09:35[ INFO ]3
2023-06-16 20:09:35[ INFO ]========结果========
2023-06-16 20:09:35[ INFO ]3
2023-06-16 20:09:35[ INFO ]========结果========
2023-06-16 20:09:35[ INFO ]3
2023-06-16 20:09:35[ INFO ]========结果========
2023-06-16 20:09:35[ INFO ]0
2023-06-16 20:09:35[ INFO ]========结果========
2023-06-16 20:09:35[ INFO ]3
2023-06-16 20:09:35[ INFO ]========结果========
2023-06-16 20:09:35[ INFO ]0
2023-06-16 20:09:54[ INFO ]========结果========
2023-06-16 20:09:54[ INFO ]0
2023-06-16 20:09:54[ INFO ]========结果========
2023-06-16 20:09:54[ INFO ]========结果========
2023-06-16 20:09:54[ INFO ]0
2023-06-16 20:09:54[ INFO ]========结果========
2023-06-16 20:09:54[ INFO ][]
2023-06-16 20:09:54[ INFO ]========结果========
2023-06-16 20:09:54[ INFO ][]
2023-06-16 20:09:54[ INFO ]========结果========
2023-06-16 20:09:54[ INFO ]========结果========
2023-06-16 20:09:54[ INFO ]3
2023-06-16 20:09:54[ INFO ]========结果========
2023-06-16 20:09:54[ INFO ]3
2023-06-16 20:09:54[ INFO ]========结果========
2023-06-16 20:09:54[ INFO ]3
2023-06-16 20:09:54[ INFO ]========结果========
2023-06-16 20:09:54[ INFO ]3
2023-06-16 20:09:54[ INFO ]========结果========
2023-06-16 20:09:54[ INFO ]0
2023-06-16 20:09:54[ INFO ]========结果========
2023-06-16 20:09:54[ INFO ]3
2023-06-16 20:09:54[ INFO ]========结果========
2023-06-16 20:09:54[ INFO ]0
2023-06-16 20:11:32[ INFO ]========结果========
2023-06-16 20:11:32[ INFO ]0
2023-06-16 20:11:32[ INFO ]========结果========
2023-06-16 20:11:32[ INFO ]========结果========
2023-06-16 20:11:32[ INFO ]0
2023-06-16 20:11:32[ INFO ]========结果========
2023-06-16 20:11:32[ INFO ][]
2023-06-16 20:11:32[ INFO ]========结果========
2023-06-16 20:11:32[ INFO ][]
2023-06-16 20:11:32[ INFO ]========结果========
2023-06-16 20:11:33[ INFO ]========结果========
2023-06-16 20:11:33[ INFO ]3
2023-06-16 20:11:33[ INFO ]========结果========
2023-06-16 20:11:33[ INFO ]3
2023-06-16 20:11:33[ INFO ]========结果========
2023-06-16 20:11:33[ INFO ]0
2023-06-16 20:11:33[ INFO ]========结果========
2023-06-16 20:11:33[ INFO ]0
2023-06-16 20:11:33[ INFO ]========结果========
2023-06-16 20:11:33[ INFO ]0
2023-06-16 20:14:41[ INFO ]========结果========
2023-06-16 20:14:41[ INFO ]0
2023-06-16 20:14:56[ INFO ]========结果========
2023-06-16 20:14:56[ INFO ]0
2023-06-16 20:14:56[ INFO ]========结果========
2023-06-16 20:14:56[ INFO ]========结果========
2023-06-16 20:14:56[ INFO ]0
2023-06-16 20:14:56[ INFO ]========结果========
2023-06-16 20:14:56[ INFO ][]
2023-06-16 20:14:56[ INFO ]========结果========
2023-06-16 20:14:56[ INFO ][]
2023-06-16 20:14:56[ INFO ]========结果========
2023-06-16 20:14:56[ INFO ]========结果========
2023-06-16 20:14:56[ INFO ]0
2023-06-16 20:14:56[ INFO ]========结果========
2023-06-16 20:14:56[ INFO ]0
2023-06-16 20:14:56[ INFO ]========结果========
2023-06-16 20:14:56[ INFO ]3
2023-06-16 20:14:56[ INFO ]========结果========
2023-06-16 20:14:56[ INFO ]0
2023-06-16 20:14:56[ INFO ]========结果========
2023-06-16 20:14:56[ INFO ]0
2023-06-16 20:14:56[ INFO ]========结果========
2023-06-16 20:14:56[ INFO ]0
2023-06-16 20:14:56[ INFO ]========结果========
2023-06-16 20:14:56[ INFO ]0
2023-06-16 20:16:35[ INFO ]========结果========
2023-06-16 20:16:35[ INFO ]0
2023-06-16 20:16:35[ INFO ]========结果========
2023-06-16 20:16:35[ INFO ]========结果========
2023-06-16 20:16:35[ INFO ]0
2023-06-16 20:16:35[ INFO ]========结果========
2023-06-16 20:16:35[ INFO ][]
2023-06-16 20:16:35[ INFO ]========结果========
2023-06-16 20:16:35[ INFO ][]
2023-06-16 20:16:35[ INFO ]========结果========
2023-06-16 20:16:35[ INFO ]========结果========
2023-06-16 20:16:35[ INFO ]0
2023-06-16 20:16:35[ INFO ]========结果========
2023-06-16 20:16:35[ INFO ]0
2023-06-16 20:16:35[ INFO ]========结果========
2023-06-16 20:16:35[ INFO ]3
2023-06-16 20:16:35[ INFO ]========结果========
2023-06-16 20:16:35[ INFO ]0
2023-06-16 20:16:35[ INFO ]========结果========
2023-06-16 20:16:35[ INFO ]0
2023-06-16 20:16:35[ INFO ]========结果========
2023-06-16 20:16:35[ INFO ]0
2023-06-16 20:16:35[ INFO ]========结果========
2023-06-16 20:16:35[ INFO ]0
